# JRE version: Java(TM) SE Runtime Environment (21.0.8+12) (build 21.0.8+12-LTS-250)
# Java VM: Java HotSpot(TM) 64-Bit Server VM (21.0.8+12-LTS-250, mixed mode, sharing, tiered, compressed oops, compressed class ptrs, g1 gc, windows-amd64)
GC Precious Log:
 CardTable entry size: 512
 Card Set container configuration: InlinePtr #cards 5 size 8 Array Of Cards #cards 12 size 40 Howl #buckets 4 coarsen threshold 1843 Howl Bitmap #cards 512 size 80 coarsen threshold 460 Card regions per heap region 1 cards per card region 2048
 CPUs: 4 total, 4 available
 Memory: 8083M
 Large Page Support: Disabled
 NUMA Support: Disabled
 Compressed Oops: Enabled (32-bit)
 Heap Region Size: 1M
 Heap Min Capacity: 8M
 Heap Initial Capacity: 128M
 Heap Max Capacity: 2022M
 Pre-touch: Disabled
 Parallel Workers: 4
 Concurrent Workers: 1
 Concurrent Refinement Workers: 4
 Periodic GC: Disabled
Heap:
 garbage-first heap   total 78848K, used 39190K [0x0000000081a00000, 0x0000000100000000)
  region size 1024K, 15 young (15360K), 3 survivors (3072K)
 Metaspace       used 31542K, committed 31936K, reserved 1114112K
  class space    used 3956K, committed 4160K, reserved 1048576K
GC Heap History (12 events):
Event: 3.996 GC heap before
{Heap before GC invocations=0 (full 0):
 garbage-first heap   total 131072K, used 14336K [0x0000000081a00000, 0x0000000100000000)
  region size 1024K, 13 young (13312K), 0 survivors (0K)
 Metaspace       used 1002K, committed 1152K, reserved 1114112K
  class space    used 76K, committed 128K, reserved 1048576K
}
Event: 4.261 GC heap after
{Heap after GC invocations=1 (full 0):
 garbage-first heap   total 131072K, used 9872K [0x0000000081a00000, 0x0000000100000000)
  region size 1024K, 2 young (2048K), 2 survivors (2048K)
 Metaspace       used 1002K, committed 1152K, reserved 1114112K
  class space    used 76K, committed 128K, reserved 1048576K
}
Event: 5.182 GC heap before
{Heap before GC invocations=1 (full 0):
 garbage-first heap   total 131072K, used 18064K [0x0000000081a00000, 0x0000000100000000)
  region size 1024K, 10 young (10240K), 2 survivors (2048K)
 Metaspace       used 2699K, committed 2752K, reserved 1114112K
  class space    used 236K, committed 256K, reserved 1048576K
}
Event: 5.189 GC heap after
{Heap after GC invocations=2 (full 0):
 garbage-first heap   total 131072K, used 14694K [0x0000000081a00000, 0x0000000100000000)
  region size 1024K, 2 young (2048K), 2 survivors (2048K)
 Metaspace       used 2699K, committed 2752K, reserved 1114112K
  class space    used 236K, committed 256K, reserved 1048576K
}
Event: 7.446 GC heap before
{Heap before GC invocations=2 (full 0):
 garbage-first heap   total 131072K, used 29030K [0x0000000081a00000, 0x0000000100000000)
  region size 1024K, 17 young (17408K), 2 survivors (2048K)
 Metaspace       used 7383K, committed 7616K, reserved 1114112K
  class space    used 854K, committed 960K, reserved 1048576K
}
Event: 7.452 GC heap after
{Heap after GC invocations=3 (full 0):
 garbage-first heap   total 131072K, used 15981K [0x0000000081a00000, 0x0000000100000000)
  region size 1024K, 2 young (2048K), 2 survivors (2048K)
 Metaspace       used 7383K, committed 7616K, reserved 1114112K
  class space    used 854K, committed 960K, reserved 1048576K
}
Event: 16.917 GC heap before
{Heap before GC invocations=3 (full 0):
 garbage-first heap   total 131072K, used 82541K [0x0000000081a00000, 0x0000000100000000)
  region size 1024K, 69 young (70656K), 2 survivors (2048K)
 Metaspace       used 21184K, committed 21504K, reserved 1114112K
  class space    used 2728K, committed 2880K, reserved 1048576K
}
Event: 16.932 GC heap after
{Heap after GC invocations=4 (full 0):
 garbage-first heap   total 131072K, used 21180K [0x0000000081a00000, 0x0000000100000000)
  region size 1024K, 7 young (7168K), 7 survivors (7168K)
 Metaspace       used 21184K, committed 21504K, reserved 1114112K
  class space    used 2728K, committed 2880K, reserved 1048576K
}
Event: 22.930 GC heap before
{Heap before GC invocations=5 (full 0):
 garbage-first heap   total 78848K, used 60092K [0x0000000081a00000, 0x0000000100000000)
  region size 1024K, 46 young (47104K), 7 survivors (7168K)
 Metaspace       used 27628K, committed 27968K, reserved 1114112K
  class space    used 3481K, committed 3648K, reserved 1048576K
}
Event: 22.948 GC heap after
{Heap after GC invocations=6 (full 0):
 garbage-first heap   total 78848K, used 25827K [0x0000000081a00000, 0x0000000100000000)
  region size 1024K, 5 young (5120K), 5 survivors (5120K)
 Metaspace       used 27628K, committed 27968K, reserved 1114112K
  class space    used 3481K, committed 3648K, reserved 1048576K
}
Event: 25.938 GC heap before
{Heap before GC invocations=6 (full 0):
 garbage-first heap   total 78848K, used 59619K [0x0000000081a00000, 0x0000000100000000)
  region size 1024K, 38 young (38912K), 5 survivors (5120K)
 Metaspace       used 30033K, committed 30400K, reserved 1114112K
  class space    used 3792K, committed 3968K, reserved 1048576K
}
Event: 25.954 GC heap after
{Heap after GC invocations=7 (full 0):
 garbage-first heap   total 78848K, used 27926K [0x0000000081a00000, 0x0000000100000000)
  region size 1024K, 3 young (3072K), 3 survivors (3072K)
 Metaspace       used 30033K, committed 30400K, reserved 1114112K
  class space    used 3792K, committed 3968K, reserved 1048576K
}

