# JRE version: Java(TM) SE Runtime Environment (21.0.8+12) (build 21.0.8+12-LTS-250)
# Java VM: Java HotSpot(TM) 64-Bit Server VM (21.0.8+12-LTS-250, mixed mode, sharing, tiered, compressed oops, compressed class ptrs, g1 gc, windows-amd64)
GC Precious Log:
 CardTable entry size: 512
 Card Set container configuration: InlinePtr #cards 5 size 8 Array Of Cards #cards 12 size 40 Howl #buckets 4 coarsen threshold 1843 Howl Bitmap #cards 512 size 80 coarsen threshold 460 Card regions per heap region 1 cards per card region 2048
 CPUs: 4 total, 4 available
 Memory: 8083M
 Large Page Support: Disabled
 NUMA Support: Disabled
 Compressed Oops: Enabled (32-bit)
 Heap Region Size: 1M
 Heap Min Capacity: 8M
 Heap Initial Capacity: 128M
 Heap Max Capacity: 2022M
 Pre-touch: Disabled
 Parallel Workers: 4
 Concurrent Workers: 1
 Concurrent Refinement Workers: 4
 Periodic GC: Disabled
Heap:
 garbage-first heap   total 70656K, used 48670K [0x0000000081a00000, 0x0000000100000000)
  region size 1024K, 8 young (8192K), 2 survivors (2048K)
 Metaspace       used 75497K, committed 76288K, reserved 1179648K
  class space    used 10059K, committed 10432K, reserved 1048576K
GC Heap History (20 events):
Event: 37.840 GC heap before
{Heap before GC invocations=12 (full 0):
 garbage-first heap   total 65536K, used 56732K [0x0000000081a00000, 0x0000000100000000)
  region size 1024K, 28 young (28672K), 4 survivors (4096K)
 Metaspace       used 45950K, committed 46528K, reserved 1114112K
  class space    used 5800K, committed 6080K, reserved 1048576K
}
Event: 37.858 GC heap after
{Heap after GC invocations=13 (full 0):
 garbage-first heap   total 65536K, used 32535K [0x0000000081a00000, 0x0000000100000000)
  region size 1024K, 2 young (2048K), 2 survivors (2048K)
 Metaspace       used 45950K, committed 46528K, reserved 1114112K
  class space    used 5800K, committed 6080K, reserved 1048576K
}
Event: 40.809 GC heap before
{Heap before GC invocations=13 (full 0):
 garbage-first heap   total 65536K, used 58135K [0x0000000081a00000, 0x0000000100000000)
  region size 1024K, 27 young (27648K), 2 survivors (2048K)
 Metaspace       used 49586K, committed 50176K, reserved 1114112K
  class space    used 6285K, committed 6592K, reserved 1048576K
}
Event: 40.821 GC heap after
{Heap after GC invocations=14 (full 0):
 garbage-first heap   total 65536K, used 33702K [0x0000000081a00000, 0x0000000100000000)
  region size 1024K, 3 young (3072K), 3 survivors (3072K)
 Metaspace       used 49586K, committed 50176K, reserved 1114112K
  class space    used 6285K, committed 6592K, reserved 1048576K
}
Event: 43.631 GC heap before
{Heap before GC invocations=15 (full 0):
 garbage-first heap   total 65536K, used 57254K [0x0000000081a00000, 0x0000000100000000)
  region size 1024K, 27 young (27648K), 3 survivors (3072K)
 Metaspace       used 55527K, committed 56192K, reserved 1114112K
  class space    used 7260K, committed 7552K, reserved 1048576K
}
Event: 43.647 GC heap after
{Heap after GC invocations=16 (full 0):
 garbage-first heap   total 65536K, used 35189K [0x0000000081a00000, 0x0000000100000000)
  region size 1024K, 3 young (3072K), 3 survivors (3072K)
 Metaspace       used 55527K, committed 56192K, reserved 1114112K
  class space    used 7260K, committed 7552K, reserved 1048576K
}
Event: 45.863 GC heap before
{Heap before GC invocations=16 (full 0):
 garbage-first heap   total 65536K, used 57717K [0x0000000081a00000, 0x0000000100000000)
  region size 1024K, 25 young (25600K), 3 survivors (3072K)
 Metaspace       used 59428K, committed 60032K, reserved 1114112K
  class space    used 7727K, committed 8000K, reserved 1048576K
}
Event: 45.887 GC heap after
{Heap after GC invocations=17 (full 0):
 garbage-first heap   total 65536K, used 36557K [0x0000000081a00000, 0x0000000100000000)
  region size 1024K, 4 young (4096K), 4 survivors (4096K)
 Metaspace       used 59428K, committed 60032K, reserved 1114112K
  class space    used 7727K, committed 8000K, reserved 1048576K
}
Event: 47.285 GC heap before
{Heap before GC invocations=17 (full 0):
 garbage-first heap   total 65536K, used 56013K [0x0000000081a00000, 0x0000000100000000)
  region size 1024K, 23 young (23552K), 4 survivors (4096K)
 Metaspace       used 64263K, committed 64896K, reserved 1114112K
  class space    used 8420K, committed 8704K, reserved 1048576K
}
Event: 47.305 GC heap after
{Heap after GC invocations=18 (full 0):
 garbage-first heap   total 65536K, used 37772K [0x0000000081a00000, 0x0000000100000000)
  region size 1024K, 1 young (1024K), 1 survivors (1024K)
 Metaspace       used 64263K, committed 64896K, reserved 1114112K
  class space    used 8420K, committed 8704K, reserved 1048576K
}
Event: 48.754 GC heap before
{Heap before GC invocations=19 (full 0):
 garbage-first heap   total 68608K, used 60300K [0x0000000081a00000, 0x0000000100000000)
  region size 1024K, 23 young (23552K), 1 survivors (1024K)
 Metaspace       used 66669K, committed 67264K, reserved 1114112K
  class space    used 8872K, committed 9152K, reserved 1048576K
}
Event: 48.762 GC heap after
{Heap after GC invocations=20 (full 0):
 garbage-first heap   total 68608K, used 38329K [0x0000000081a00000, 0x0000000100000000)
  region size 1024K, 2 young (2048K), 2 survivors (2048K)
 Metaspace       used 66669K, committed 67264K, reserved 1114112K
  class space    used 8872K, committed 9152K, reserved 1048576K
}
Event: 49.342 GC heap before
{Heap before GC invocations=20 (full 0):
 garbage-first heap   total 68608K, used 61881K [0x0000000081a00000, 0x0000000100000000)
  region size 1024K, 25 young (25600K), 2 survivors (2048K)
 Metaspace       used 67069K, committed 67712K, reserved 1114112K
  class space    used 8898K, committed 9152K, reserved 1048576K
}
Event: 49.355 GC heap after
{Heap after GC invocations=21 (full 0):
 garbage-first heap   total 68608K, used 38035K [0x0000000081a00000, 0x0000000100000000)
  region size 1024K, 2 young (2048K), 2 survivors (2048K)
 Metaspace       used 67069K, committed 67712K, reserved 1114112K
  class space    used 8898K, committed 9152K, reserved 1048576K
}
Event: 50.882 GC heap before
{Heap before GC invocations=21 (full 0):
 garbage-first heap   total 68608K, used 60563K [0x0000000081a00000, 0x0000000100000000)
  region size 1024K, 25 young (25600K), 2 survivors (2048K)
 Metaspace       used 71023K, committed 71680K, reserved 1114112K
  class space    used 9491K, committed 9792K, reserved 1048576K
}
Event: 50.898 GC heap after
{Heap after GC invocations=22 (full 0):
 garbage-first heap   total 68608K, used 40347K [0x0000000081a00000, 0x0000000100000000)
  region size 1024K, 4 young (4096K), 4 survivors (4096K)
 Metaspace       used 71023K, committed 71680K, reserved 1114112K
  class space    used 9491K, committed 9792K, reserved 1048576K
}
Event: 52.107 GC heap before
{Heap before GC invocations=23 (full 0):
 garbage-first heap   total 70656K, used 59803K [0x0000000081a00000, 0x0000000100000000)
  region size 1024K, 23 young (23552K), 4 survivors (4096K)
 Metaspace       used 72175K, committed 72896K, reserved 1114112K
  class space    used 9603K, committed 9920K, reserved 1048576K
}
Event: 52.135 GC heap after
{Heap after GC invocations=24 (full 0):
 garbage-first heap   total 70656K, used 42105K [0x0000000081a00000, 0x0000000100000000)
  region size 1024K, 2 young (2048K), 2 survivors (2048K)
 Metaspace       used 72175K, committed 72896K, reserved 1114112K
  class space    used 9603K, committed 9920K, reserved 1048576K
}
Event: 53.612 GC heap before
{Heap before GC invocations=24 (full 0):
 garbage-first heap   total 70656K, used 63609K [0x0000000081a00000, 0x0000000100000000)
  region size 1024K, 23 young (23552K), 2 survivors (2048K)
 Metaspace       used 75404K, committed 76160K, reserved 1179648K
  class space    used 10050K, committed 10432K, reserved 1048576K
}
Event: 53.633 GC heap after
{Heap after GC invocations=25 (full 0):
 garbage-first heap   total 70656K, used 43550K [0x0000000081a00000, 0x0000000100000000)
  region size 1024K, 2 young (2048K), 2 survivors (2048K)
 Metaspace       used 75404K, committed 76160K, reserved 1179648K
  class space    used 10050K, committed 10432K, reserved 1048576K
}

