# JRE version: Java(TM) SE Runtime Environment (21.0.8+12) (build 21.0.8+12-LTS-250)
# Java VM: Java HotSpot(TM) 64-Bit Server VM (21.0.8+12-LTS-250, mixed mode, sharing, tiered, compressed oops, compressed class ptrs, g1 gc, windows-amd64)
GC Precious Log:
 CardTable entry size: 512
 Card Set container configuration: InlinePtr #cards 5 size 8 Array Of Cards #cards 12 size 40 Howl #buckets 4 coarsen threshold 1843 Howl Bitmap #cards 512 size 80 coarsen threshold 460 Card regions per heap region 1 cards per card region 2048
 CPUs: 4 total, 4 available
 Memory: 8083M
 Large Page Support: Disabled
 NUMA Support: Disabled
 Compressed Oops: Enabled (32-bit)
 Heap Region Size: 1M
 Heap Min Capacity: 8M
 Heap Initial Capacity: 128M
 Heap Max Capacity: 2022M
 Pre-touch: Disabled
 Parallel Workers: 4
 Concurrent Workers: 1
 Concurrent Refinement Workers: 4
 Periodic GC: Disabled
Heap:
 garbage-first heap   total 96256K, used 72704K [0x0000000081a00000, 0x0000000100000000)
  region size 1024K, 14 young (14336K), 3 survivors (3072K)
 Metaspace       used 28228K, committed 28544K, reserved 1114112K
  class space    used 3079K, committed 3200K, reserved 1048576K
GC Heap History (20 events):
Event: 8.979 GC heap before
{Heap before GC invocations=1 (full 0):
 garbage-first heap   total 131072K, used 19711K [0x0000000081a00000, 0x0000000100000000)
  region size 1024K, 18 young (18432K), 2 survivors (2048K)
 Metaspace       used 6537K, committed 6720K, reserved 1114112K
  class space    used 744K, committed 832K, reserved 1048576K
}
Event: 8.986 GC heap after
{Heap after GC invocations=2 (full 0):
 garbage-first heap   total 131072K, used 4117K [0x0000000081a00000, 0x0000000100000000)
  region size 1024K, 1 young (1024K), 1 survivors (1024K)
 Metaspace       used 6537K, committed 6720K, reserved 1114112K
  class space    used 744K, committed 832K, reserved 1048576K
}
Event: 22.127 GC heap before
{Heap before GC invocations=2 (full 0):
 garbage-first heap   total 131072K, used 79893K [0x0000000081a00000, 0x0000000100000000)
  region size 1024K, 76 young (77824K), 1 survivors (1024K)
 Metaspace       used 16238K, committed 16512K, reserved 1114112K
  class space    used 1867K, committed 1984K, reserved 1048576K
}
Event: 22.145 GC heap after
{Heap after GC invocations=3 (full 0):
 garbage-first heap   total 131072K, used 11470K [0x0000000081a00000, 0x0000000100000000)
  region size 1024K, 8 young (8192K), 8 survivors (8192K)
 Metaspace       used 16238K, committed 16512K, reserved 1114112K
  class space    used 1867K, committed 1984K, reserved 1048576K
}
Event: 30.051 GC heap before
{Heap before GC invocations=3 (full 0):
 garbage-first heap   total 131072K, used 81102K [0x0000000081a00000, 0x0000000100000000)
  region size 1024K, 76 young (77824K), 8 survivors (8192K)
 Metaspace       used 17107K, committed 17472K, reserved 1114112K
  class space    used 1897K, committed 2048K, reserved 1048576K
}
Event: 30.075 GC heap after
{Heap after GC invocations=4 (full 0):
 garbage-first heap   total 131072K, used 16248K [0x0000000081a00000, 0x0000000100000000)
  region size 1024K, 5 young (5120K), 5 survivors (5120K)
 Metaspace       used 17107K, committed 17472K, reserved 1114112K
  class space    used 1897K, committed 2048K, reserved 1048576K
}
Event: 43.759 GC heap before
{Heap before GC invocations=4 (full 0):
 garbage-first heap   total 131072K, used 88952K [0x0000000081a00000, 0x0000000100000000)
  region size 1024K, 76 young (77824K), 5 survivors (5120K)
 Metaspace       used 21056K, committed 21376K, reserved 1114112K
  class space    used 2311K, committed 2496K, reserved 1048576K
}
Event: 43.771 GC heap after
{Heap after GC invocations=5 (full 0):
 garbage-first heap   total 131072K, used 19142K [0x0000000081a00000, 0x0000000100000000)
  region size 1024K, 8 young (8192K), 8 survivors (8192K)
 Metaspace       used 21056K, committed 21376K, reserved 1114112K
  class space    used 2311K, committed 2496K, reserved 1048576K
}
Event: 43.963 GC heap before
{Heap before GC invocations=5 (full 0):
 garbage-first heap   total 131072K, used 19142K [0x0000000081a00000, 0x0000000100000000)
  region size 1024K, 9 young (9216K), 8 survivors (8192K)
 Metaspace       used 21220K, committed 21504K, reserved 1114112K
  class space    used 2338K, committed 2496K, reserved 1048576K
}
Event: 43.980 GC heap after
{Heap after GC invocations=6 (full 0):
 garbage-first heap   total 131072K, used 18912K [0x0000000081a00000, 0x0000000100000000)
  region size 1024K, 4 young (4096K), 4 survivors (4096K)
 Metaspace       used 21220K, committed 21504K, reserved 1114112K
  class space    used 2338K, committed 2496K, reserved 1048576K
}
Event: 48.275 GC heap before
{Heap before GC invocations=7 (full 0):
 garbage-first heap   total 68608K, used 61920K [0x0000000081a00000, 0x0000000100000000)
  region size 1024K, 40 young (40960K), 4 survivors (4096K)
 Metaspace       used 26997K, committed 27328K, reserved 1114112K
  class space    used 2979K, committed 3136K, reserved 1048576K
}
Event: 48.312 GC heap after
{Heap after GC invocations=8 (full 0):
 garbage-first heap   total 81920K, used 40416K [0x0000000081a00000, 0x0000000100000000)
  region size 1024K, 5 young (5120K), 5 survivors (5120K)
 Metaspace       used 26997K, committed 27328K, reserved 1114112K
  class space    used 2979K, committed 3136K, reserved 1048576K
}
Event: 50.737 GC heap before
{Heap before GC invocations=8 (full 0):
 garbage-first heap   total 81920K, used 67040K [0x0000000081a00000, 0x0000000100000000)
  region size 1024K, 30 young (30720K), 5 survivors (5120K)
 Metaspace       used 27384K, committed 27712K, reserved 1114112K
  class space    used 3018K, committed 3136K, reserved 1048576K
}
Event: 50.755 GC heap after
{Heap after GC invocations=9 (full 0):
 garbage-first heap   total 81920K, used 48640K [0x0000000081a00000, 0x0000000100000000)
  region size 1024K, 4 young (4096K), 4 survivors (4096K)
 Metaspace       used 27384K, committed 27712K, reserved 1114112K
  class space    used 3018K, committed 3136K, reserved 1048576K
}
Event: 52.080 GC heap before
{Heap before GC invocations=9 (full 0):
 garbage-first heap   total 81920K, used 68096K [0x0000000081a00000, 0x0000000100000000)
  region size 1024K, 23 young (23552K), 4 survivors (4096K)
 Metaspace       used 27389K, committed 27712K, reserved 1114112K
  class space    used 3018K, committed 3136K, reserved 1048576K
}
Event: 52.094 GC heap after
{Heap after GC invocations=10 (full 0):
 garbage-first heap   total 81920K, used 54766K [0x0000000081a00000, 0x0000000100000000)
  region size 1024K, 3 young (3072K), 3 survivors (3072K)
 Metaspace       used 27389K, committed 27712K, reserved 1114112K
  class space    used 3018K, committed 3136K, reserved 1048576K
}
Event: 53.366 GC heap before
{Heap before GC invocations=11 (full 0):
 garbage-first heap   total 96256K, used 70126K [0x0000000081a00000, 0x0000000100000000)
  region size 1024K, 18 young (18432K), 3 survivors (3072K)
 Metaspace       used 27775K, committed 28096K, reserved 1114112K
  class space    used 3062K, committed 3200K, reserved 1048576K
}
Event: 53.380 GC heap after
{Heap after GC invocations=12 (full 0):
 garbage-first heap   total 96256K, used 59392K [0x0000000081a00000, 0x0000000100000000)
  region size 1024K, 3 young (3072K), 3 survivors (3072K)
 Metaspace       used 27775K, committed 28096K, reserved 1114112K
  class space    used 3062K, committed 3200K, reserved 1048576K
}
Event: 54.023 GC heap before
{Heap before GC invocations=12 (full 0):
 garbage-first heap   total 96256K, used 79872K [0x0000000081a00000, 0x0000000100000000)
  region size 1024K, 23 young (23552K), 3 survivors (3072K)
 Metaspace       used 28172K, committed 28480K, reserved 1114112K
  class space    used 3079K, committed 3200K, reserved 1048576K
}
Event: 54.039 GC heap after
{Heap after GC invocations=13 (full 0):
 garbage-first heap   total 96256K, used 62464K [0x0000000081a00000, 0x0000000100000000)
  region size 1024K, 3 young (3072K), 3 survivors (3072K)
 Metaspace       used 28172K, committed 28480K, reserved 1114112K
  class space    used 3079K, committed 3200K, reserved 1048576K
}

