# JRE version: Java(TM) SE Runtime Environment (21.0.8+12) (build 21.0.8+12-LTS-250)
# Java VM: Java HotSpot(TM) 64-Bit Server VM (21.0.8+12-LTS-250, mixed mode, emulated-client, sharing, tiered, compressed oops, compressed class ptrs, g1 gc, windows-amd64)
GC Precious Log:
 CardTable entry size: 512
 Card Set container configuration: InlinePtr #cards 5 size 8 Array Of Cards #cards 12 size 40 Howl #buckets 4 coarsen threshold 1843 Howl Bitmap #cards 512 size 80 coarsen threshold 460 Card regions per heap region 1 cards per card region 2048
 CPUs: 4 total, 4 available
 Memory: 8083M
 Large Page Support: Disabled
 NUMA Support: Disabled
 Compressed Oops: Enabled (32-bit)
 Heap Region Size: 1M
 Heap Min Capacity: 8M
 Heap Initial Capacity: 128M
 Heap Max Capacity: 2022M
 Pre-touch: Disabled
 Parallel Workers: 4
 Concurrent Workers: 1
 Concurrent Refinement Workers: 4
 Periodic GC: Disabled
Heap:
 garbage-first heap   total 165888K, used 71483K [0x0000000081a00000, 0x0000000100000000)
  region size 1024K, 8 young (8192K), 8 survivors (8192K)
 Metaspace       used 87422K, committed 88384K, reserved 1179648K
  class space    used 12129K, committed 12544K, reserved 1048576K
GC Heap History (20 events):
Event: 32.219 GC heap after
{Heap after GC invocations=28 (full 0):
 garbage-first heap   total 95232K, used 52182K [0x0000000081a00000, 0x0000000100000000)
  region size 1024K, 5 young (5120K), 5 survivors (5120K)
 Metaspace       used 77012K, committed 77760K, reserved 1179648K
  class space    used 10695K, committed 11008K, reserved 1048576K
}
Event: 32.610 GC heap before
{Heap before GC invocations=29 (full 0):
 garbage-first heap   total 104448K, used 82902K [0x0000000081a00000, 0x0000000100000000)
  region size 1024K, 36 young (36864K), 5 survivors (5120K)
 Metaspace       used 78564K, committed 79296K, reserved 1179648K
  class space    used 11047K, committed 11392K, reserved 1048576K
}
Event: 32.619 GC heap after
{Heap after GC invocations=30 (full 0):
 garbage-first heap   total 104448K, used 54524K [0x0000000081a00000, 0x0000000100000000)
  region size 1024K, 2 young (2048K), 2 survivors (2048K)
 Metaspace       used 78564K, committed 79296K, reserved 1179648K
  class space    used 11047K, committed 11392K, reserved 1048576K
}
Event: 32.842 GC heap before
{Heap before GC invocations=30 (full 0):
 garbage-first heap   total 104448K, used 93436K [0x0000000081a00000, 0x0000000100000000)
  region size 1024K, 41 young (41984K), 2 survivors (2048K)
 Metaspace       used 80004K, committed 80768K, reserved 1179648K
  class space    used 11241K, committed 11584K, reserved 1048576K
}
Event: 32.852 GC heap after
{Heap after GC invocations=31 (full 0):
 garbage-first heap   total 104448K, used 57156K [0x0000000081a00000, 0x0000000100000000)
  region size 1024K, 5 young (5120K), 5 survivors (5120K)
 Metaspace       used 80004K, committed 80768K, reserved 1179648K
  class space    used 11241K, committed 11584K, reserved 1048576K
}
Event: 32.946 GC heap before
{Heap before GC invocations=31 (full 0):
 garbage-first heap   total 104448K, used 91972K [0x0000000081a00000, 0x0000000100000000)
  region size 1024K, 39 young (39936K), 5 survivors (5120K)
 Metaspace       used 80010K, committed 80768K, reserved 1179648K
  class space    used 11241K, committed 11584K, reserved 1048576K
}
Event: 32.952 GC heap after
{Heap after GC invocations=32 (full 0):
 garbage-first heap   total 104448K, used 55675K [0x0000000081a00000, 0x0000000100000000)
  region size 1024K, 1 young (1024K), 1 survivors (1024K)
 Metaspace       used 80010K, committed 80768K, reserved 1179648K
  class space    used 11241K, committed 11584K, reserved 1048576K
}
Event: 33.397 GC heap before
{Heap before GC invocations=33 (full 0):
 garbage-first heap   total 109568K, used 95611K [0x0000000081a00000, 0x0000000100000000)
  region size 1024K, 40 young (40960K), 1 survivors (1024K)
 Metaspace       used 80221K, committed 80960K, reserved 1179648K
  class space    used 11296K, committed 11648K, reserved 1048576K
}
Event: 33.404 GC heap after
{Heap after GC invocations=34 (full 0):
 garbage-first heap   total 109568K, used 59776K [0x0000000081a00000, 0x0000000100000000)
  region size 1024K, 5 young (5120K), 5 survivors (5120K)
 Metaspace       used 80221K, committed 80960K, reserved 1179648K
  class space    used 11296K, committed 11648K, reserved 1048576K
}
Event: 33.497 GC heap before
{Heap before GC invocations=34 (full 0):
 garbage-first heap   total 109568K, used 97664K [0x0000000081a00000, 0x0000000100000000)
  region size 1024K, 42 young (43008K), 5 survivors (5120K)
 Metaspace       used 80223K, committed 80960K, reserved 1179648K
  class space    used 11296K, committed 11648K, reserved 1048576K
}
Event: 33.509 GC heap after
{Heap after GC invocations=35 (full 0):
 garbage-first heap   total 143360K, used 62290K [0x0000000081a00000, 0x0000000100000000)
  region size 1024K, 6 young (6144K), 6 survivors (6144K)
 Metaspace       used 80223K, committed 80960K, reserved 1179648K
  class space    used 11296K, committed 11648K, reserved 1048576K
}
Event: 33.697 GC heap before
{Heap before GC invocations=35 (full 0):
 garbage-first heap   total 143360K, used 128850K [0x0000000081a00000, 0x0000000100000000)
  region size 1024K, 70 young (71680K), 6 survivors (6144K)
 Metaspace       used 80224K, committed 80960K, reserved 1179648K
  class space    used 11296K, committed 11648K, reserved 1048576K
}
Event: 33.722 GC heap after
{Heap after GC invocations=36 (full 0):
 garbage-first heap   total 150528K, used 78840K [0x0000000081a00000, 0x0000000100000000)
  region size 1024K, 9 young (9216K), 9 survivors (9216K)
 Metaspace       used 80224K, committed 80960K, reserved 1179648K
  class space    used 11296K, committed 11648K, reserved 1048576K
}
Event: 34.072 GC heap before
{Heap before GC invocations=36 (full 0):
 garbage-first heap   total 150528K, used 126968K [0x0000000081a00000, 0x0000000100000000)
  region size 1024K, 56 young (57344K), 9 survivors (9216K)
 Metaspace       used 81174K, committed 82048K, reserved 1179648K
  class space    used 11384K, committed 11776K, reserved 1048576K
}
Event: 34.087 GC heap after
{Heap after GC invocations=37 (full 0):
 garbage-first heap   total 150528K, used 82432K [0x0000000081a00000, 0x0000000100000000)
  region size 1024K, 3 young (3072K), 3 survivors (3072K)
 Metaspace       used 81174K, committed 82048K, reserved 1179648K
  class space    used 11384K, committed 11776K, reserved 1048576K
}
Event: 34.246 GC heap before
{Heap before GC invocations=37 (full 0):
 garbage-first heap   total 150528K, used 130560K [0x0000000081a00000, 0x0000000100000000)
  region size 1024K, 50 young (51200K), 3 survivors (3072K)
 Metaspace       used 81229K, committed 82112K, reserved 1179648K
  class space    used 11393K, committed 11776K, reserved 1048576K
}
Event: 34.252 GC heap after
{Heap after GC invocations=38 (full 0):
 garbage-first heap   total 150528K, used 82346K [0x0000000081a00000, 0x0000000100000000)
  region size 1024K, 3 young (3072K), 3 survivors (3072K)
 Metaspace       used 81229K, committed 82112K, reserved 1179648K
  class space    used 11393K, committed 11776K, reserved 1048576K
}
Event: 35.148 GC heap before
{Heap before GC invocations=39 (full 0):
 garbage-first heap   total 165888K, used 129450K [0x0000000081a00000, 0x0000000100000000)
  region size 1024K, 54 young (55296K), 3 survivors (3072K)
 Metaspace       used 82280K, committed 83200K, reserved 1179648K
  class space    used 11553K, committed 11968K, reserved 1048576K
}
Event: 35.158 GC heap after
{Heap after GC invocations=40 (full 0):
 garbage-first heap   total 165888K, used 80336K [0x0000000081a00000, 0x0000000100000000)
  region size 1024K, 6 young (6144K), 6 survivors (6144K)
 Metaspace       used 82280K, committed 83200K, reserved 1179648K
  class space    used 11553K, committed 11968K, reserved 1048576K
}
Event: 36.387 GC heap before
{Heap before GC invocations=40 (full 0):
 garbage-first heap   total 165888K, used 144848K [0x0000000081a00000, 0x0000000100000000)
  region size 1024K, 69 young (70656K), 6 survivors (6144K)
 Metaspace       used 87422K, committed 88384K, reserved 1179648K
  class space    used 12129K, committed 12544K, reserved 1048576K
}

